# JRE version: OpenJDK Runtime Environment Temurin-11.0.14.1+1 (11.0.14.1+1) (build 11.0.14.1+1)
# Java VM: OpenJDK 64-Bit Server VM Temurin-11.0.14.1+1 (11.0.14.1+1, mixed mode, tiered, compressed oops, g1 gc, bsd-amd64)
Heap:
 garbage-first heap   total 262144K, used 97595K [0x0000000700000000, 0x0000000800000000)
  region size 1024K, 28 young (28672K), 4 survivors (4096K)
 Metaspace       used 27924K, capacity 29241K, committed 29312K, reserved 1075200K
  class space    used 3442K, capacity 3963K, committed 3968K, reserved 1048576K
GC Heap History (6 events):
Event: 0.864 GC heap before
{Heap before GC invocations=0 (full 0):
 garbage-first heap   total 262144K, used 23552K [0x0000000700000000, 0x0000000800000000)
  region size 1024K, 24 young (24576K), 0 survivors (0K)
 Metaspace       used 14912K, capacity 15300K, committed 15616K, reserved 1062912K
  class space    used 1548K, capacity 1707K, committed 1792K, reserved 1048576K
}
Event: 0.869 GC heap after
{Heap after GC invocations=1 (full 0):
 garbage-first heap   total 262144K, used 4159K [0x0000000700000000, 0x0000000800000000)
  region size 1024K, 3 young (3072K), 3 survivors (3072K)
 Metaspace       used 14912K, capacity 15300K, committed 15616K, reserved 1062912K
  class space    used 1548K, capacity 1707K, committed 1792K, reserved 1048576K
}
Event: 1.580 GC heap before
{Heap before GC invocations=1 (full 0):
 garbage-first heap   total 262144K, used 50239K [0x0000000700000000, 0x0000000800000000)
  region size 1024K, 28 young (28672K), 3 survivors (3072K)
 Metaspace       used 20526K, capacity 21164K, committed 21296K, reserved 1069056K
  class space    used 2416K, capacity 2657K, committed 2688K, reserved 1048576K
}
Event: 1.587 GC heap after
{Heap after GC invocations=2 (full 0):
 garbage-first heap   total 262144K, used 32961K [0x0000000700000000, 0x0000000800000000)
  region size 1024K, 10 young (10240K), 10 survivors (10240K)
 Metaspace       used 20526K, capacity 21164K, committed 21296K, reserved 1069056K
  class space    used 2416K, capacity 2657K, committed 2688K, reserved 1048576K
}
Event: 5.778 GC heap before
{Heap before GC invocations=3 (full 0):
 garbage-first heap   total 262144K, used 58561K [0x0000000700000000, 0x0000000800000000)
  region size 1024K, 34 young (34816K), 10 survivors (10240K)
 Metaspace       used 25949K, capacity 27050K, committed 27264K, reserved 1073152K
  class space    used 3261K, capacity 3696K, committed 3712K, reserved 1048576K
}
Event: 5.787 GC heap after
{Heap after GC invocations=4 (full 0):
 garbage-first heap   total 262144K, used 38203K [0x0000000700000000, 0x0000000800000000)
  region size 1024K, 4 young (4096K), 4 survivors (4096K)
 Metaspace       used 25949K, capacity 27050K, committed 27264K, reserved 1073152K
  class space    used 3261K, capacity 3696K, committed 3712K, reserved 1048576K
}

